<?xml version="1.0" encoding="UTF-8"?>
<!-- Generated by org.testng.reporters.JUnitReportReporter -->
<testsuite skipped="0" hostname="LAPTOP-1IKM18D7" name="testNGFeatures.TestNGDemo2" tests="4" failures="0" timestamp="09 Oct 2024 15:39:20 GMT" time="0.008" errors="0">
  <testcase name="funD" time="0.000" classname="testNGFeatures.TestNGDemo2"/>
  <testcase name="funB" time="0.001" classname="testNGFeatures.TestNGDemo2"/>
  <testcase name="funC" time="0.001" classname="testNGFeatures.TestNGDemo2"/>
  <testcase name="funA" time="0.006" classname="testNGFeatures.TestNGDemo2"/>
</testsuite> <!-- testNGFeatures.TestNGDemo2 -->
