<?xml version="1.0" encoding="UTF-8"?>
<!-- Generated by org.testng.reporters.JUnitReportReporter -->
<testsuite skipped="0" hostname="LAPTOP-1IKM18D7" name="testNGFeatures.TestNGDemo1" tests="1" failures="0" timestamp="09 Oct 2024 15:20:30 GMT" time="0.007" errors="0">
  <testcase name="RBG" time="0.007" classname="testNGFeatures.TestNGDemo1"/>
</testsuite> <!-- testNGFeatures.TestNGDemo1 -->
